Added Component: Designator=C1(RB7.6-15)
Added Component: Designator=C2(RAD-0.3)
Added Component: Designator=Q1(TO-262)
Added Component: Designator=Q2(TO-262)
Added Component: Designator=Q3(29-04)
Added Component: Designator=Q4(29-04)
Added Component: Designator=Q5(TO-220AB)
Added Component: Designator=Q6(TO-220AB)
Added Component: Designator=Q7(TO-262)
Added Component: Designator=Q8(TO-262)
Added Component: Designator=Q9(29-04)
Added Component: Designator=Q10(29-04)
Added Component: Designator=Q11(TO-220AB)
Added Component: Designator=Q12(TO-220AB)
Added Component: Designator=R1(AXIAL-0.4)
Added Component: Designator=R2(AXIAL-0.4)
Added Component: Designator=R3(AXIAL-0.4)
Added Component: Designator=R4(AXIAL-0.4)
Added Component: Designator=R5(AXIAL-0.4)
Added Component: Designator=R6(AXIAL-0.4)
Added Component: Designator=R7(AXIAL-0.4)
Added Component: Designator=R8(AXIAL-0.4)
Added Pin To Net: NetName=CONTROL1 Pin=R3-2
Added Net: Name=CONTROL1
Added Pin To Net: NetName=CONTROL2 Pin=R7-2
Added Net: Name=CONTROL2
Added Pin To Net: NetName=CONTROL3 Pin=R4-2
Added Net: Name=CONTROL3
Added Pin To Net: NetName=CONTROL4 Pin=R8-2
Added Net: Name=CONTROL4
Added Pin To Net: NetName=GND Pin=C1-2
Added Pin To Net: NetName=GND Pin=C2-1
Added Pin To Net: NetName=GND Pin=Q3-3
Added Pin To Net: NetName=GND Pin=Q4-3
Added Pin To Net: NetName=GND Pin=Q5-3
Added Pin To Net: NetName=GND Pin=Q6-3
Added Pin To Net: NetName=GND Pin=Q9-3
Added Pin To Net: NetName=GND Pin=Q10-3
Added Pin To Net: NetName=GND Pin=Q11-3
Added Pin To Net: NetName=GND Pin=Q12-3
Added Net: Name=GND
Added Pin To Net: NetName=NetQ1_1 Pin=Q1-1
Added Pin To Net: NetName=NetQ1_1 Pin=Q3-1
Added Pin To Net: NetName=NetQ1_1 Pin=Q5-1
Added Pin To Net: NetName=NetQ1_1 Pin=R1-1
Added Net: Name=NetQ1_1
Added Pin To Net: NetName=NetQ2_1 Pin=Q2-1
Added Pin To Net: NetName=NetQ2_1 Pin=Q4-1
Added Pin To Net: NetName=NetQ2_1 Pin=Q6-1
Added Pin To Net: NetName=NetQ2_1 Pin=R2-1
Added Net: Name=NetQ2_1
Added Pin To Net: NetName=NetQ3_2 Pin=Q3-2
Added Pin To Net: NetName=NetQ3_2 Pin=R3-1
Added Net: Name=NetQ3_2
Added Pin To Net: NetName=NetQ4_2 Pin=Q4-2
Added Pin To Net: NetName=NetQ4_2 Pin=R4-1
Added Net: Name=NetQ4_2
Added Pin To Net: NetName=NetQ7_1 Pin=Q7-1
Added Pin To Net: NetName=NetQ7_1 Pin=Q9-1
Added Pin To Net: NetName=NetQ7_1 Pin=Q11-1
Added Pin To Net: NetName=NetQ7_1 Pin=R5-1
Added Net: Name=NetQ7_1
Added Pin To Net: NetName=NetQ8_1 Pin=Q8-1
Added Pin To Net: NetName=NetQ8_1 Pin=Q10-1
Added Pin To Net: NetName=NetQ8_1 Pin=Q12-1
Added Pin To Net: NetName=NetQ8_1 Pin=R6-1
Added Net: Name=NetQ8_1
Added Pin To Net: NetName=NetQ9_2 Pin=Q9-2
Added Pin To Net: NetName=NetQ9_2 Pin=R7-1
Added Net: Name=NetQ9_2
Added Pin To Net: NetName=NetQ10_2 Pin=Q10-2
Added Pin To Net: NetName=NetQ10_2 Pin=R8-1
Added Net: Name=NetQ10_2
Added Pin To Net: NetName=OUT1 Pin=Q1-2
Added Pin To Net: NetName=OUT1 Pin=Q5-2
Added Net: Name=OUT1
Added Pin To Net: NetName=OUT2 Pin=Q7-2
Added Pin To Net: NetName=OUT2 Pin=Q11-2
Added Net: Name=OUT2
Added Pin To Net: NetName=OUT3 Pin=Q2-2
Added Pin To Net: NetName=OUT3 Pin=Q6-2
Added Net: Name=OUT3
Added Pin To Net: NetName=OUT4 Pin=Q8-2
Added Pin To Net: NetName=OUT4 Pin=Q12-2
Added Net: Name=OUT4
Added Pin To Net: NetName=VCC Pin=C1-1
Added Pin To Net: NetName=VCC Pin=C2-2
Added Pin To Net: NetName=VCC Pin=Q1-3
Added Pin To Net: NetName=VCC Pin=Q2-3
Added Pin To Net: NetName=VCC Pin=Q7-3
Added Pin To Net: NetName=VCC Pin=Q8-3
Added Pin To Net: NetName=VCC Pin=R1-2
Added Pin To Net: NetName=VCC Pin=R2-2
Added Pin To Net: NetName=VCC Pin=R5-2
Added Pin To Net: NetName=VCC Pin=R6-2
Added Net: Name=VCC
Added Class: Name=rev1
Added Room: Name=rev1
